<?xml version="1.0" encoding="UTF-8"?>
<testsuite name="ContaPoupancaTest" tests="1" skipped="0" failures="0" errors="0" timestamp="2022-10-15T19:34:24" hostname="BRUTALITTY" time="0.015">
  <properties/>
  <testcase name="validarTransferencia()" classname="ContaPoupancaTest" time="0.015"/>
  <system-out><![CDATA[]]></system-out>
  <system-err><![CDATA[]]></system-err>
</testsuite>
